DEBUG - 2025-07-09 22:44:59 --> Session: Class initialized using 'CodeIgniter\Session\Handlers\FileHandler' driver.
DEBUG - 2025-07-09 22:45:41 --> Session: Class initialized using 'CodeIgniter\Session\Handlers\FileHandler' driver.
DEBUG - 2025-07-09 22:45:56 --> Session: Class initialized using 'CodeIgniter\Session\Handlers\FileHandler' driver.
ERROR - 2025-07-09 22:46:35 --> Error connecting to the database: ErrorException: mysqli::real_connect(): Error while reading greeting packet. PID=7964 in C:\xampp\htdocs\FilmStream\system\Database\MySQLi\Connection.php:201
Stack trace:
#0 [internal function]: CodeIgniter\Debug\Exceptions->errorHandler(2, 'mysqli::real_co...', 'C:\\xampp\\htdocs...', 201)
#1 C:\xampp\htdocs\FilmStream\system\Database\MySQLi\Connection.php(201): mysqli->real_connect('localhost', 'root', Object(SensitiveParameterValue), 'montecino_franc...', 3306, '', 0)
#2 C:\xampp\htdocs\FilmStream\system\Database\BaseConnection.php(421): CodeIgniter\Database\MySQLi\Connection->connect(false)
#3 C:\xampp\htdocs\FilmStream\system\Database\BaseConnection.php(620): CodeIgniter\Database\BaseConnection->initialize()
#4 C:\xampp\htdocs\FilmStream\system\Database\BaseBuilder.php(1649): CodeIgniter\Database\BaseConnection->query('SELECT *\nFROM `...', Array, false)
#5 C:\xampp\htdocs\FilmStream\system\Model.php(330): CodeIgniter\Database\BaseBuilder->get()
#6 C:\xampp\htdocs\FilmStream\system\BaseModel.php(717): CodeIgniter\Model->doFirst()
#7 C:\xampp\htdocs\FilmStream\app\Controllers\User_controllers\User_controller.php(125): CodeIgniter\BaseModel->first()
#8 C:\xampp\htdocs\FilmStream\system\CodeIgniter.php(933): App\Controllers\User_controllers\User_controller->loginValidation()
#9 C:\xampp\htdocs\FilmStream\system\CodeIgniter.php(507): CodeIgniter\CodeIgniter->runController(Object(App\Controllers\User_controllers\User_controller))
#10 C:\xampp\htdocs\FilmStream\system\CodeIgniter.php(354): CodeIgniter\CodeIgniter->handleRequest(NULL, Object(Config\Cache), false)
#11 C:\xampp\htdocs\FilmStream\system\Boot.php(334): CodeIgniter\CodeIgniter->run()
#12 C:\xampp\htdocs\FilmStream\system\Boot.php(67): CodeIgniter\Boot::runCodeIgniter(Object(CodeIgniter\CodeIgniter))
#13 C:\xampp\htdocs\FilmStream\public\index.php(59): CodeIgniter\Boot::bootWeb(Object(Config\Paths))
#14 {main}

Next mysqli_sql_exception: MySQL server has gone away in C:\xampp\htdocs\FilmStream\system\Database\MySQLi\Connection.php:201
Stack trace:
#0 C:\xampp\htdocs\FilmStream\system\Database\MySQLi\Connection.php(201): mysqli->real_connect('localhost', 'root', Object(SensitiveParameterValue), 'montecino_franc...', 3306, '', 0)
#1 C:\xampp\htdocs\FilmStream\system\Database\BaseConnection.php(421): CodeIgniter\Database\MySQLi\Connection->connect(false)
#2 C:\xampp\htdocs\FilmStream\system\Database\BaseConnection.php(620): CodeIgniter\Database\BaseConnection->initialize()
#3 C:\xampp\htdocs\FilmStream\system\Database\BaseBuilder.php(1649): CodeIgniter\Database\BaseConnection->query('SELECT *\nFROM `...', Array, false)
#4 C:\xampp\htdocs\FilmStream\system\Model.php(330): CodeIgniter\Database\BaseBuilder->get()
#5 C:\xampp\htdocs\FilmStream\system\BaseModel.php(717): CodeIgniter\Model->doFirst()
#6 C:\xampp\htdocs\FilmStream\app\Controllers\User_controllers\User_controller.php(125): CodeIgniter\BaseModel->first()
#7 C:\xampp\htdocs\FilmStream\system\CodeIgniter.php(933): App\Controllers\User_controllers\User_controller->loginValidation()
#8 C:\xampp\htdocs\FilmStream\system\CodeIgniter.php(507): CodeIgniter\CodeIgniter->runController(Object(App\Controllers\User_controllers\User_controller))
#9 C:\xampp\htdocs\FilmStream\system\CodeIgniter.php(354): CodeIgniter\CodeIgniter->handleRequest(NULL, Object(Config\Cache), false)
#10 C:\xampp\htdocs\FilmStream\system\Boot.php(334): CodeIgniter\CodeIgniter->run()
#11 C:\xampp\htdocs\FilmStream\system\Boot.php(67): CodeIgniter\Boot::runCodeIgniter(Object(CodeIgniter\CodeIgniter))
#12 C:\xampp\htdocs\FilmStream\public\index.php(59): CodeIgniter\Boot::bootWeb(Object(Config\Paths))
#13 {main}

Next CodeIgniter\Database\Exceptions\DatabaseException: MySQL server has gone away in C:\xampp\htdocs\FilmStream\system\Database\MySQLi\Connection.php:246
Stack trace:
#0 C:\xampp\htdocs\FilmStream\system\Database\BaseConnection.php(421): CodeIgniter\Database\MySQLi\Connection->connect(false)
#1 C:\xampp\htdocs\FilmStream\system\Database\BaseConnection.php(620): CodeIgniter\Database\BaseConnection->initialize()
#2 C:\xampp\htdocs\FilmStream\system\Database\BaseBuilder.php(1649): CodeIgniter\Database\BaseConnection->query('SELECT *\nFROM `...', Array, false)
#3 C:\xampp\htdocs\FilmStream\system\Model.php(330): CodeIgniter\Database\BaseBuilder->get()
#4 C:\xampp\htdocs\FilmStream\system\BaseModel.php(717): CodeIgniter\Model->doFirst()
#5 C:\xampp\htdocs\FilmStream\app\Controllers\User_controllers\User_controller.php(125): CodeIgniter\BaseModel->first()
#6 C:\xampp\htdocs\FilmStream\system\CodeIgniter.php(933): App\Controllers\User_controllers\User_controller->loginValidation()
#7 C:\xampp\htdocs\FilmStream\system\CodeIgniter.php(507): CodeIgniter\CodeIgniter->runController(Object(App\Controllers\User_controllers\User_controller))
#8 C:\xampp\htdocs\FilmStream\system\CodeIgniter.php(354): CodeIgniter\CodeIgniter->handleRequest(NULL, Object(Config\Cache), false)
#9 C:\xampp\htdocs\FilmStream\system\Boot.php(334): CodeIgniter\CodeIgniter->run()
#10 C:\xampp\htdocs\FilmStream\system\Boot.php(67): CodeIgniter\Boot::runCodeIgniter(Object(CodeIgniter\CodeIgniter))
#11 C:\xampp\htdocs\FilmStream\public\index.php(59): CodeIgniter\Boot::bootWeb(Object(Config\Paths))
#12 {main}
CRITICAL - 2025-07-09 22:46:35 --> CodeIgniter\Database\Exceptions\DatabaseException: Unable to connect to the database.
Main connection [MySQLi]: MySQL server has gone away
[Method: POST, Route: login-form]
in SYSTEMPATH\Database\BaseConnection.php on line 467.
 1 SYSTEMPATH\Database\BaseConnection.php(620): CodeIgniter\Database\BaseConnection->initialize()
 2 SYSTEMPATH\Database\BaseBuilder.php(1649): CodeIgniter\Database\BaseConnection->query('SELECT *
FROM `usuarios`
WHERE `nickname` = :nickname:
 LIMIT 1', [...], false)
 3 SYSTEMPATH\Model.php(330): CodeIgniter\Database\BaseBuilder->get()
 4 SYSTEMPATH\BaseModel.php(717): CodeIgniter\Model->doFirst()
 5 APPPATH\Controllers\User_controllers\User_controller.php(125): CodeIgniter\BaseModel->first()
 6 SYSTEMPATH\CodeIgniter.php(933): App\Controllers\User_controllers\User_controller->loginValidation()
 7 SYSTEMPATH\CodeIgniter.php(507): CodeIgniter\CodeIgniter->runController(Object(App\Controllers\User_controllers\User_controller))
 8 SYSTEMPATH\CodeIgniter.php(354): CodeIgniter\CodeIgniter->handleRequest(null, Object(Config\Cache), false)
 9 SYSTEMPATH\Boot.php(334): CodeIgniter\CodeIgniter->run()
10 SYSTEMPATH\Boot.php(67): CodeIgniter\Boot::runCodeIgniter(Object(CodeIgniter\CodeIgniter))
11 FCPATH\index.php(59): CodeIgniter\Boot::bootWeb(Object(Config\Paths))
